\BOOKMARK [0][-]{chapter.1}{\376\377\000I\000n\000t\000r\000o\000d\000u\000c\000t\000i\000o\000n}{}% 1
\BOOKMARK [1][-]{section.1.1}{\376\377\000S\000c\000o\000p\000e}{chapter.1}% 2
\BOOKMARK [1][-]{section.1.2}{\376\377\000N\000o\000r\000m\000a\000t\000i\000v\000e\000\040\000R\000e\000f\000e\000r\000e\000n\000c\000e\000s}{chapter.1}% 3
\BOOKMARK [1][-]{section.1.3}{\376\377\000T\000e\000r\000m\000s\000\040\000a\000n\000d\000\040\000d\000e\000f\000i\000n\000i\000t\000i\000o\000n\000s}{chapter.1}% 4
\BOOKMARK [1][-]{section.1.4}{\376\377\000C\000o\000m\000m\000o\000n\000\040\000D\000e\000f\000i\000n\000i\000t\000i\000o\000n\000s}{chapter.1}% 5
\BOOKMARK [2][-]{subsection.1.4.1}{\376\377\000C\000o\000r\000r\000e\000c\000t\000\040\000D\000a\000t\000a}{section.1.4}% 6
\BOOKMARK [2][-]{subsection.1.4.2}{\376\377\000D\000i\000a\000g\000n\000o\000s\000t\000i\000c\000\040\000M\000e\000s\000s\000a\000g\000e}{section.1.4}% 7
\BOOKMARK [2][-]{subsection.1.4.3}{\376\377\000I\000l\000l\000-\000f\000o\000r\000m\000e\000d\000\040\000P\000r\000o\000g\000r\000a\000m}{section.1.4}% 8
\BOOKMARK [2][-]{subsection.1.4.4}{\376\377\000I\000m\000p\000l\000e\000m\000e\000n\000t\000a\000t\000i\000o\000n\000-\000d\000e\000f\000i\000n\000e\000d\000\040\000B\000e\000h\000a\000v\000i\000o\000r}{section.1.4}% 9
\BOOKMARK [2][-]{subsection.1.4.5}{\376\377\000I\000m\000p\000l\000e\000m\000e\000n\000t\000a\000t\000i\000o\000n\000\040\000L\000i\000m\000i\000t\000s}{section.1.4}% 10
\BOOKMARK [2][-]{subsection.1.4.6}{\376\377\000U\000n\000d\000e\000f\000i\000n\000e\000d\000\040\000B\000e\000h\000a\000v\000i\000o\000r}{section.1.4}% 11
\BOOKMARK [2][-]{subsection.1.4.7}{\376\377\000U\000n\000s\000p\000e\000c\000i\000f\000i\000e\000d\000\040\000B\000e\000h\000a\000v\000i\000o\000r}{section.1.4}% 12
\BOOKMARK [2][-]{subsection.1.4.8}{\376\377\000W\000e\000l\000l\000-\000f\000o\000r\000m\000e\000d\000\040\000P\000r\000o\000g\000r\000a\000m}{section.1.4}% 13
\BOOKMARK [2][-]{subsection.1.4.9}{\376\377\000R\000u\000n\000t\000i\000m\000e\000\040\000I\000m\000p\000l\000e\000m\000e\000n\000t\000a\000t\000i\000o\000n}{section.1.4}% 14
\BOOKMARK [1][-]{section.1.5}{\376\377\000R\000u\000n\000t\000i\000m\000e\000\040\000T\000a\000r\000g\000e\000t\000i\000n\000g}{chapter.1}% 15
\BOOKMARK [1][-]{section.1.6}{\376\377\000s\000p\000m\000d\000\040\000P\000r\000o\000g\000r\000a\000m\000m\000i\000n\000g\000\040\000M\000o\000d\000e\000l}{chapter.1}% 16
\BOOKMARK [2][-]{subsection.1.6.1}{\376\377\000s\000p\000m\000d\000\040\000T\000e\000r\000m\000i\000n\000o\000l\000o\000g\000y}{section.1.6}% 17
\BOOKMARK [2][-]{subsection.1.6.2}{\376\377\000s\000p\000m\000d\000\040\000E\000x\000e\000c\000u\000t\000i\000o\000n\000\040\000M\000o\000d\000e\000l}{section.1.6}% 18
\BOOKMARK [2][-]{subsection.1.6.3}{\376\377\000O\000p\000t\000i\000m\000i\000z\000a\000t\000i\000o\000n\000\040\000R\000e\000s\000t\000r\000i\000c\000t\000i\000o\000n\000s}{section.1.6}% 19
\BOOKMARK [1][-]{section.1.7}{\376\377\000h\000l\000s\000l\000\040\000M\000e\000m\000o\000r\000y\000\040\000M\000o\000d\000e\000l\000s}{chapter.1}% 20
\BOOKMARK [2][-]{subsection.1.7.1}{\376\377\000M\000e\000m\000o\000r\000y\000\040\000S\000p\000a\000c\000e\000s}{section.1.7}% 21
\BOOKMARK [2][-]{subsection.1.7.2}{\376\377\000M\000e\000m\000o\000r\000y\000\040\000S\000p\000a\000c\000e\000s}{section.1.7}% 22
\BOOKMARK [0][-]{chapter.2}{\376\377\000L\000e\000x\000i\000c\000a\000l\000\040\000C\000o\000n\000v\000e\000n\000t\000i\000o\000n\000s}{}% 23
\BOOKMARK [1][-]{section.2.1}{\376\377\000U\000n\000i\000t\000\040\000o\000f\000\040\000T\000r\000a\000n\000s\000l\000a\000t\000i\000o\000n}{chapter.2}% 24
\BOOKMARK [1][-]{section.2.2}{\376\377\000P\000h\000a\000s\000e\000s\000\040\000o\000f\000\040\000T\000r\000a\000n\000s\000l\000a\000t\000i\000o\000n}{chapter.2}% 25
\BOOKMARK [1][-]{section.2.3}{\376\377\000C\000h\000a\000r\000a\000c\000t\000e\000r\000\040\000S\000e\000t\000s}{chapter.2}% 26
\BOOKMARK [1][-]{section.2.4}{\376\377\000P\000r\000e\000p\000r\000o\000c\000e\000s\000s\000i\000n\000g\000\040\000T\000o\000k\000e\000n\000s}{chapter.2}% 27
\BOOKMARK [1][-]{section.2.5}{\376\377\000T\000o\000k\000e\000n\000s}{chapter.2}% 28
\BOOKMARK [1][-]{section.2.6}{\376\377\000C\000o\000m\000m\000e\000n\000t\000s}{chapter.2}% 29
\BOOKMARK [1][-]{section.2.7}{\376\377\000H\000e\000a\000d\000e\000r\000\040\000N\000a\000m\000e\000s}{chapter.2}% 30
\BOOKMARK [1][-]{section.2.8}{\376\377\000P\000r\000e\000p\000r\000o\000c\000e\000s\000s\000i\000n\000g\000\040\000n\000u\000m\000b\000e\000r\000s}{chapter.2}% 31
\BOOKMARK [1][-]{section.2.9}{\376\377\000L\000i\000t\000e\000r\000a\000l\000s}{chapter.2}% 32
\BOOKMARK [2][-]{subsection.2.9.1}{\376\377\000L\000i\000t\000e\000r\000a\000l\000\040\000C\000l\000a\000s\000s\000i\000f\000i\000c\000a\000t\000i\000o\000n\000s}{section.2.9}% 33
\BOOKMARK [2][-]{subsection.2.9.2}{\376\377\000I\000n\000t\000e\000g\000e\000r\000\040\000L\000i\000t\000e\000r\000a\000l\000s}{section.2.9}% 34
\BOOKMARK [2][-]{subsection.2.9.3}{\376\377\000F\000l\000o\000a\000t\000i\000n\000g\000-\000p\000o\000i\000n\000t\000\040\000L\000i\000t\000e\000r\000a\000l\000s}{section.2.9}% 35
\BOOKMARK [2][-]{subsection.2.9.4}{\376\377\000V\000e\000c\000t\000o\000r\000\040\000L\000i\000t\000e\000r\000a\000l\000s}{section.2.9}% 36
\BOOKMARK [0][-]{chapter.3}{\376\377\000B\000a\000s\000i\000c\000\040\000C\000o\000n\000c\000e\000p\000t\000s}{}% 37
\BOOKMARK [1][-]{section.3.1}{\376\377\000P\000r\000e\000a\000m\000b\000l\000e}{chapter.3}% 38
\BOOKMARK [1][-]{section.3.2}{\376\377\000D\000e\000c\000l\000a\000r\000a\000t\000i\000o\000n\000s\000\040\000a\000n\000d\000\040\000d\000e\000f\000i\000n\000i\000t\000i\000o\000n\000s}{chapter.3}% 39
\BOOKMARK [1][-]{section.3.3}{\376\377\000O\000n\000e\000-\000D\000e\000f\000i\000n\000i\000t\000i\000o\000n\000\040\000R\000u\000l\000e}{chapter.3}% 40
\BOOKMARK [1][-]{section.3.4}{\376\377\000S\000c\000o\000p\000e}{chapter.3}% 41
\BOOKMARK [1][-]{section.3.5}{\376\377\000N\000a\000m\000e\000\040\000L\000o\000o\000k\000u\000p}{chapter.3}% 42
\BOOKMARK [1][-]{section.3.6}{\376\377\000P\000r\000o\000g\000r\000a\000m\000\040\000a\000n\000d\000\040\000l\000i\000n\000k\000a\000g\000e}{chapter.3}% 43
\BOOKMARK [2][-]{subsection.3.6.1}{\376\377\000P\000r\000o\000g\000r\000a\000m\000\040\000L\000i\000n\000k\000a\000g\000e}{section.3.6}% 44
\BOOKMARK [2][-]{subsection.3.6.2}{\376\377\000E\000x\000t\000e\000r\000n\000a\000l\000\040\000L\000i\000n\000k\000a\000g\000e}{section.3.6}% 45
\BOOKMARK [2][-]{subsection.3.6.3}{\376\377\000I\000n\000t\000e\000r\000n\000a\000l\000\040\000L\000i\000n\000k\000a\000g\000e}{section.3.6}% 46
\BOOKMARK [2][-]{subsection.3.6.4}{\376\377\000N\000o\000\040\000L\000i\000n\000k\000a\000g\000e}{section.3.6}% 47
\BOOKMARK [1][-]{section.3.7}{\376\377\000S\000t\000a\000r\000t}{chapter.3}% 48
\BOOKMARK [2][-]{subsection.3.7.1}{\376\377\000E\000x\000e\000c\000u\000t\000i\000o\000n\000\040\000M\000o\000d\000e}{section.3.7}% 49
\BOOKMARK [1][-]{section.3.8}{\376\377\000T\000y\000p\000e\000s}{chapter.3}% 50
\BOOKMARK [2][-]{subsection.3.8.1}{\376\377\000A\000r\000i\000t\000h\000m\000e\000t\000i\000c\000\040\000T\000y\000p\000e\000s}{section.3.8}% 51
\BOOKMARK [2][-]{subsection.3.8.2}{\376\377\000S\000c\000a\000l\000a\000r\000i\000z\000e\000d\000\040\000T\000y\000p\000e\000\040\000C\000o\000m\000p\000a\000t\000a\000b\000i\000l\000i\000t\000y}{section.3.8}% 52
\BOOKMARK [2][-]{subsection.3.8.3}{\376\377\000U\000s\000a\000g\000e\000\040\000o\000f\000\040\000I\000n\000t\000a\000n\000g\000i\000b\000l\000e\000\040\000T\000y\000p\000e\000s}{section.3.8}% 53
\BOOKMARK [1][-]{section.3.9}{\376\377\000L\000v\000a\000l\000u\000e\000s\000\040\000a\000n\000d\000\040\000r\000v\000a\000l\000u\000e\000s}{chapter.3}% 54
\BOOKMARK [0][-]{chapter.4}{\376\377\000S\000t\000a\000n\000d\000a\000r\000d\000\040\000C\000o\000n\000v\000e\000r\000s\000i\000o\000n\000s}{}% 55
\BOOKMARK [1][-]{section.4.1}{\376\377\000L\000v\000a\000l\000u\000e\000-\000t\000o\000-\000r\000v\000a\000l\000u\000e\000\040\000c\000o\000n\000v\000e\000r\000s\000i\000o\000n}{chapter.4}% 56
\BOOKMARK [1][-]{section.4.2}{\376\377\000A\000r\000r\000a\000y\000-\000t\000o\000-\000p\000o\000i\000n\000t\000e\000r\000\040\000c\000o\000n\000v\000e\000r\000s\000i\000o\000n}{chapter.4}% 57
\BOOKMARK [1][-]{section.4.3}{\376\377\000I\000n\000t\000e\000g\000r\000a\000l\000\040\000p\000r\000o\000m\000o\000t\000i\000o\000n}{chapter.4}% 58
\BOOKMARK [1][-]{section.4.4}{\376\377\000F\000l\000o\000a\000t\000i\000n\000g\000\040\000p\000o\000i\000n\000t\000\040\000p\000r\000o\000m\000o\000t\000i\000o\000n}{chapter.4}% 59
\BOOKMARK [1][-]{section.4.5}{\376\377\000I\000n\000t\000e\000g\000r\000a\000l\000\040\000c\000o\000n\000v\000e\000r\000s\000i\000o\000n}{chapter.4}% 60
\BOOKMARK [1][-]{section.4.6}{\376\377\000F\000l\000o\000a\000t\000i\000n\000g\000\040\000p\000o\000i\000n\000t\000\040\000c\000o\000n\000v\000e\000r\000s\000i\000o\000n}{chapter.4}% 61
\BOOKMARK [1][-]{section.4.7}{\376\377\000F\000l\000o\000a\000t\000i\000n\000g\000\040\000p\000o\000i\000n\000t\000-\000i\000n\000t\000e\000g\000r\000a\000l\000\040\000c\000o\000n\000v\000e\000r\000s\000i\000o\000n}{chapter.4}% 62
\BOOKMARK [1][-]{section.4.8}{\376\377\000B\000o\000o\000l\000e\000a\000n\000\040\000c\000o\000n\000v\000e\000r\000s\000i\000o\000n}{chapter.4}% 63
\BOOKMARK [1][-]{section.4.9}{\376\377\000E\000l\000e\000m\000e\000n\000t\000w\000i\000s\000e\000\040\000c\000o\000n\000v\000e\000r\000s\000i\000o\000n}{chapter.4}% 64
\BOOKMARK [1][-]{section.4.10}{\376\377\000V\000e\000c\000t\000o\000r\000\040\000s\000p\000l\000a\000t\000\040\000c\000o\000n\000v\000e\000r\000s\000i\000o\000n}{chapter.4}% 65
\BOOKMARK [1][-]{section.4.11}{\376\377\000A\000r\000r\000a\000y\000\040\000a\000n\000d\000\040\000C\000l\000a\000s\000s\000\040\000s\000p\000l\000a\000t\000\040\000c\000o\000n\000v\000e\000r\000s\000i\000o\000n}{chapter.4}% 66
\BOOKMARK [1][-]{section.4.12}{\376\377\000V\000e\000c\000t\000o\000r\000\040\000a\000n\000d\000\040\000m\000a\000t\000r\000i\000x\000\040\000t\000r\000u\000n\000c\000a\000t\000i\000o\000n\000\040\000c\000o\000n\000v\000e\000r\000s\000i\000o\000n}{chapter.4}% 67
\BOOKMARK [1][-]{section.4.13}{\376\377\000C\000o\000m\000p\000o\000n\000e\000n\000t\000-\000w\000i\000s\000e\000\040\000c\000o\000n\000v\000e\000r\000s\000i\000o\000n\000s}{chapter.4}% 68
\BOOKMARK [1][-]{section.4.14}{\376\377\000Q\000u\000a\000l\000i\000f\000i\000c\000a\000t\000i\000o\000n\000\040\000c\000o\000n\000v\000e\000r\000s\000i\000o\000n}{chapter.4}% 69
\BOOKMARK [1][-]{section.4.15}{\376\377\000C\000o\000n\000v\000e\000r\000s\000i\000o\000n\000\040\000R\000a\000n\000k}{chapter.4}% 70
\BOOKMARK [2][-]{subsection.4.15.1}{\376\377\000I\000n\000t\000e\000g\000e\000r\000\040\000C\000o\000n\000v\000e\000r\000s\000i\000o\000n\000\040\000R\000a\000n\000k}{section.4.15}% 71
\BOOKMARK [2][-]{subsection.4.15.2}{\376\377\000F\000l\000o\000a\000t\000i\000n\000g\000\040\000P\000o\000i\000n\000t\000\040\000C\000o\000n\000v\000e\000r\000s\000i\000o\000n\000\040\000R\000a\000n\000k}{section.4.15}% 72
\BOOKMARK [0][-]{chapter.5}{\376\377\000E\000x\000p\000r\000e\000s\000s\000i\000o\000n\000s}{}% 73
\BOOKMARK [1][-]{section.5.1}{\376\377\000U\000s\000u\000a\000l\000\040\000A\000r\000i\000t\000h\000m\000e\000t\000i\000c\000\040\000C\000o\000n\000v\000e\000r\000s\000i\000o\000n\000s}{chapter.5}% 74
\BOOKMARK [1][-]{section.5.2}{\376\377\000P\000r\000i\000m\000a\000r\000y\000\040\000E\000x\000p\000r\000e\000s\000s\000i\000o\000n\000s}{chapter.5}% 75
\BOOKMARK [2][-]{subsection.5.2.1}{\376\377\000L\000i\000t\000e\000r\000a\000l\000s}{section.5.2}% 76
\BOOKMARK [2][-]{subsection.5.2.2}{\376\377\000T\000h\000i\000s}{section.5.2}% 77
\BOOKMARK [2][-]{subsection.5.2.3}{\376\377\000P\000a\000r\000e\000n\000t\000h\000e\000s\000i\000s}{section.5.2}% 78
\BOOKMARK [2][-]{subsection.5.2.4}{\376\377\000N\000a\000m\000e\000s}{section.5.2}% 79
\BOOKMARK [1][-]{section.5.3}{\376\377\000P\000o\000s\000t\000f\000i\000x\000\040\000E\000x\000p\000r\000e\000s\000s\000i\000o\000n\000s}{chapter.5}% 80
\BOOKMARK [1][-]{section.5.4}{\376\377\000S\000u\000b\000s\000c\000r\000i\000p\000t}{chapter.5}% 81
\BOOKMARK [1][-]{section.5.5}{\376\377\000F\000u\000n\000c\000t\000i\000o\000n\000\040\000C\000a\000l\000l\000s}{chapter.5}% 82
\BOOKMARK [0][-]{chapter.6}{\376\377\000S\000t\000a\000t\000e\000m\000e\000n\000t\000s}{}% 83
\BOOKMARK [1][-]{section.6.1}{\376\377\000L\000a\000b\000e\000l\000\040\000S\000t\000a\000t\000e\000m\000e\000n\000t\000s}{chapter.6}% 84
\BOOKMARK [1][-]{section.6.2}{\376\377\000A\000t\000t\000r\000i\000b\000u\000t\000e\000s}{chapter.6}% 85
\BOOKMARK [2][-]{subsection.6.2.1}{\376\377\000U\000n\000r\000o\000l\000l\000\040\000A\000t\000t\000r\000i\000b\000u\000t\000e}{section.6.2}% 86
\BOOKMARK [2][-]{subsection.6.2.2}{\376\377\000L\000o\000o\000p\000\040\000A\000t\000t\000r\000i\000b\000u\000t\000e}{section.6.2}% 87
\BOOKMARK [0][-]{chapter.7}{\376\377\000D\000e\000c\000l\000a\000r\000a\000t\000i\000o\000n\000s}{}% 88
\BOOKMARK [1][-]{section.7.1}{\376\377\000P\000r\000e\000a\000m\000b\000l\000e}{chapter.7}% 89
\BOOKMARK [1][-]{section.7.2}{\376\377\000S\000p\000e\000c\000i\000f\000i\000e\000r\000s}{chapter.7}% 90
\BOOKMARK [2][-]{subsection.7.2.1}{\376\377\000G\000e\000n\000e\000r\000a\000l}{section.7.2}% 91
\BOOKMARK [2][-]{subsection.7.2.2}{\376\377\000F\000u\000n\000c\000t\000i\000o\000n\000\040\000s\000p\000e\000c\000i\000f\000i\000e\000r\000s}{section.7.2}% 92
\BOOKMARK [1][-]{section.7.3}{\376\377\000D\000e\000c\000l\000a\000r\000a\000t\000o\000r\000s}{chapter.7}% 93
\BOOKMARK [1][-]{section.7.4}{\376\377\000I\000n\000i\000t\000i\000a\000l\000i\000z\000e\000r\000s}{chapter.7}% 94
\BOOKMARK [2][-]{subsection.7.4.1}{\376\377\000A\000g\000g\000r\000e\000g\000a\000t\000e\000\040\000I\000n\000i\000t\000i\000a\000l\000i\000z\000a\000t\000i\000o\000n}{section.7.4}% 95
\BOOKMARK [1][-]{section.7.5}{\376\377\000F\000u\000n\000c\000t\000i\000o\000n\000\040\000D\000e\000f\000i\000n\000i\000t\000i\000o\000n\000s}{chapter.7}% 96
\BOOKMARK [1][-]{section.7.6}{\376\377\000A\000t\000t\000r\000i\000b\000u\000t\000e\000s}{chapter.7}% 97
\BOOKMARK [2][-]{subsection.7.6.1}{\376\377\000S\000e\000m\000a\000n\000t\000i\000c\000\040\000A\000n\000n\000o\000t\000a\000t\000i\000o\000n\000s}{section.7.6}% 98
\BOOKMARK [2][-]{subsection.7.6.2}{\376\377\000E\000n\000t\000r\000y\000\040\000A\000t\000t\000r\000i\000b\000u\000t\000e\000s}{section.7.6}% 99
\BOOKMARK [1][-]{section.7.7}{\376\377\000E\000x\000p\000o\000r\000t\000\040\000D\000e\000c\000l\000a\000r\000a\000t\000i\000o\000n\000s}{chapter.7}% 100
\BOOKMARK [0][-]{chapter.8}{\376\377\000O\000v\000e\000r\000l\000o\000a\000d\000i\000n\000g}{}% 101
\BOOKMARK [1][-]{section.8.1}{\376\377\000O\000v\000e\000r\000l\000o\000a\000d\000a\000b\000l\000e\000\040\000D\000e\000c\000l\000a\000r\000a\000t\000i\000o\000n\000s}{chapter.8}% 102
\BOOKMARK [1][-]{section.8.2}{\376\377\000O\000v\000e\000r\000l\000o\000a\000d\000\040\000R\000e\000s\000o\000l\000u\000t\000i\000o\000n}{chapter.8}% 103
\BOOKMARK [2][-]{subsection.8.2.1}{\376\377\000C\000a\000n\000d\000i\000d\000a\000t\000e\000\040\000F\000u\000n\000c\000t\000i\000o\000n\000s\000\040\000a\000n\000d\000\040\000A\000r\000g\000u\000m\000e\000n\000t\000\040\000L\000i\000s\000t\000s}{section.8.2}% 104
\BOOKMARK [2][-]{subsection.8.2.2}{\376\377\000V\000i\000a\000b\000l\000e\000\040\000F\000u\000n\000c\000t\000i\000o\000n\000s}{section.8.2}% 105
\BOOKMARK [2][-]{subsection.8.2.3}{\376\377\000B\000e\000s\000t\000\040\000V\000i\000a\000b\000l\000e\000\040\000F\000u\000n\000c\000t\000i\000o\000n}{section.8.2}% 106
\BOOKMARK [2][-]{subsection.8.2.4}{\376\377\000I\000m\000p\000l\000i\000c\000i\000t\000\040\000C\000o\000n\000v\000e\000r\000s\000i\000o\000n\000\040\000S\000e\000q\000u\000e\000n\000c\000e\000s}{section.8.2}% 107
\BOOKMARK [0][-]{chapter.9}{\376\377\000R\000e\000s\000o\000u\000r\000c\000e\000\040\000T\000y\000p\000e\000s}{}% 108
\BOOKMARK [1][-]{section.9.1}{\376\377\000T\000y\000p\000e\000d\000\040\000B\000u\000f\000f\000e\000r\000s}{chapter.9}% 109
\BOOKMARK [2][-]{subsection.9.1.1}{\376\377\000C\000o\000n\000s\000t\000r\000u\000c\000t\000o\000r\000s}{section.9.1}% 110
\BOOKMARK [2][-]{subsection.9.1.2}{\376\377\000D\000i\000m\000e\000n\000s\000i\000o\000n\000s}{section.9.1}% 111
\BOOKMARK [2][-]{subsection.9.1.3}{\376\377\000E\000l\000e\000m\000e\000n\000t\000\040\000A\000c\000c\000e\000s\000s}{section.9.1}% 112
\BOOKMARK [1][-]{section.9.2}{\376\377\000R\000a\000w\000\040\000B\000u\000f\000f\000e\000r\000s}{chapter.9}% 113
\BOOKMARK [1][-]{section.9.3}{\376\377\000B\000y\000t\000e\000\040\000A\000c\000c\000e\000s\000s\000\040\000B\000u\000f\000f\000e\000r\000s}{chapter.9}% 114
\BOOKMARK [2][-]{subsection.9.3.1}{\376\377\000C\000o\000n\000s\000t\000r\000u\000c\000t\000o\000r\000s}{section.9.3}% 115
\BOOKMARK [2][-]{subsection.9.3.2}{\376\377\000D\000i\000m\000e\000n\000s\000i\000o\000n\000s}{section.9.3}% 116
\BOOKMARK [2][-]{subsection.9.3.3}{\376\377\000E\000l\000e\000m\000e\000n\000t\000\040\000A\000c\000c\000e\000s\000s}{section.9.3}% 117
\BOOKMARK [2][-]{subsection.9.3.4}{\376\377\000A\000t\000o\000m\000i\000c\000\040\000O\000p\000e\000r\000a\000t\000i\000o\000n\000s}{section.9.3}% 118
\BOOKMARK [1][-]{section.9.4}{\376\377\000S\000t\000r\000u\000c\000t\000u\000r\000e\000d\000\040\000B\000u\000f\000f\000e\000r\000s}{chapter.9}% 119
\BOOKMARK [2][-]{subsection.9.4.1}{\376\377\000C\000o\000n\000s\000t\000r\000u\000c\000t\000o\000r\000s}{section.9.4}% 120
\BOOKMARK [2][-]{subsection.9.4.2}{\376\377\000D\000i\000m\000e\000n\000s\000i\000o\000n\000s}{section.9.4}% 121
\BOOKMARK [2][-]{subsection.9.4.3}{\376\377\000E\000l\000e\000m\000e\000n\000t\000\040\000A\000c\000c\000e\000s\000s}{section.9.4}% 122
\BOOKMARK [2][-]{subsection.9.4.4}{\376\377\000C\000o\000u\000n\000t\000e\000r\000\040\000M\000a\000n\000i\000p\000u\000l\000a\000t\000i\000o\000n}{section.9.4}% 123
\BOOKMARK [2][-]{subsection.9.4.5}{\376\377\000A\000p\000p\000e\000n\000d}{section.9.4}% 124
\BOOKMARK [2][-]{subsection.9.4.6}{\376\377\000C\000o\000n\000s\000u\000m\000e}{section.9.4}% 125
\BOOKMARK [1][-]{section.9.5}{\376\377\000C\000o\000n\000s\000t\000a\000n\000t\000\040\000B\000u\000f\000f\000e\000r\000s}{chapter.9}% 126
\BOOKMARK [2][-]{subsection.9.5.1}{\376\377\000C\000o\000n\000s\000t\000a\000n\000t\000\040\000B\000u\000f\000f\000e\000r\000\040\000D\000e\000c\000l\000a\000r\000a\000t\000i\000o\000n\000\040\000B\000l\000o\000c\000k}{section.9.5}% 127
\BOOKMARK [2][-]{subsection.9.5.2}{\376\377\000C\000o\000n\000s\000t\000a\000n\000t\000\040\000B\000u\000f\000f\000e\000r\000\040\000C\000l\000a\000s\000s}{section.9.5}% 128
\BOOKMARK [2][-]{subsection.9.5.3}{\376\377\000C\000o\000n\000s\000t\000a\000n\000t\000\040\000B\000u\000f\000f\000e\000r\000\040\000L\000a\000y\000o\000u\000t}{section.9.5}% 129
\BOOKMARK [2][-]{subsection.9.5.4}{\376\377\000P\000a\000c\000k\000o\000f\000f\000s\000e\000t\000\040\000a\000n\000n\000o\000t\000a\000t\000i\000o\000n\000s}{section.9.5}% 130
\BOOKMARK [2][-]{subsection.9.5.5}{\376\377\000D\000e\000f\000a\000u\000l\000t\000\040\000C\000o\000n\000s\000t\000a\000n\000t\000\040\000B\000u\000f\000f\000e\000r}{section.9.5}% 131
\BOOKMARK [1][-]{section.9.6}{\376\377\000S\000a\000m\000p\000l\000e\000r\000s}{chapter.9}% 132
\BOOKMARK [1][-]{section.9.7}{\376\377\000C\000h\000e\000c\000k\000A\000c\000c\000e\000s\000s\000F\000u\000l\000l\000y\000M\000a\000p\000p\000e\000d}{chapter.9}% 133
\BOOKMARK [1][-]{section.9.8}{\376\377\000R\000e\000s\000o\000u\000r\000c\000e\000\040\000B\000i\000n\000d\000i\000n\000g}{chapter.9}% 134
\BOOKMARK [0][-]{chapter.10}{\376\377\000C\000l\000a\000s\000s\000e\000s}{}% 135
\BOOKMARK [1][-]{section.10.1}{\376\377\000S\000t\000a\000t\000i\000c\000\040\000M\000e\000m\000b\000e\000r\000s}{chapter.10}% 136
\BOOKMARK [1][-]{section.10.2}{\376\377\000C\000o\000n\000v\000e\000r\000s\000i\000o\000n\000s}{chapter.10}% 137
\BOOKMARK [0][-]{chapter.11}{\376\377\000T\000e\000m\000p\000l\000a\000t\000e\000s}{}% 138
\BOOKMARK [1][-]{section.11.1}{\376\377\000T\000e\000m\000p\000l\000a\000t\000e\000\040\000I\000n\000s\000t\000a\000n\000t\000i\000a\000t\000i\000o\000n}{chapter.11}% 139
\BOOKMARK [1][-]{section.11.2}{\376\377\000P\000a\000r\000t\000i\000a\000l\000\040\000O\000r\000d\000e\000r\000i\000n\000g\000\040\000o\000f\000\040\000F\000u\000n\000c\000t\000i\000o\000n\000\040\000T\000e\000m\000p\000l\000a\000t\000e\000s}{chapter.11}% 140
\BOOKMARK [0][-]{chapter.12}{\376\377\000I\000n\000t\000a\000n\000g\000i\000b\000l\000e\000\040\000T\000y\000p\000e\000s}{}% 141
\BOOKMARK [0][-]{chapter.13}{\376\377\000R\000u\000n\000t\000i\000m\000e}{}% 142
\BOOKMARK [0][-]{section*.2}{\376\377\000A\000c\000r\000o\000n\000y\000m\000s}{}% 143
\BOOKMARK [0][-]{section*.4}{\376\377\000G\000l\000o\000s\000s\000a\000r\000y}{}% 144
